
2025-12-14 15:57:10 [INFO ] XJPA:17 - Khởi tạo JPA EntityManagerFactory thành công!
2025-12-14 15:57:11 [INFO ] LoginServlet:50 - Login success: admin
2025-12-14 15:57:11 [INFO ] AdminDashboardController:24 - Admin đã truy cập Dashboard lúc: Sun Dec 14 15:57:11 GMT+07:00 2025
2025-12-14 15:57:20 [INFO ] AdminDashboardController:24 - Admin đã truy cập Dashboard lúc: Sun Dec 14 15:57:20 GMT+07:00 2025
2025-12-14 15:58:58 [INFO ] XJPA:17 - Khởi tạo JPA EntityManagerFactory thành công!
2025-12-14 15:59:18 [INFO ] LoginServlet:50 - Login success: admin
2025-12-14 15:59:18 [INFO ] AdminDashboardController:24 - Admin đã truy cập Dashboard lúc: Sun Dec 14 15:59:18 GMT+07:00 2025
2025-12-14 16:00:09 [INFO ] AdminVideoController:112 - ACTION: CREATE_VIDEO | Admin: admin | New ID: UjbKZvPw1MU
2025-12-14 16:33:30 [INFO ] XJPA:17 - Khởi tạo JPA EntityManagerFactory thành công!
2025-12-14 16:47:12 [INFO ] XJPA:17 - Khởi tạo JPA EntityManagerFactory thành công!
2025-12-14 16:47:21 [INFO ] LoginServlet:50 - Login success: admin
2025-12-14 16:47:21 [INFO ] AdminDashboardController:24 - Admin đã truy cập Dashboard lúc: Sun Dec 14 16:47:21 GMT+07:00 2025
2025-12-14 16:48:47 [INFO ] LoginServlet:50 - Login success: admin
2025-12-14 16:48:47 [INFO ] AdminDashboardController:24 - Admin đã truy cập Dashboard lúc: Sun Dec 14 16:48:47 GMT+07:00 2025
2025-12-14 17:07:18 [INFO ] XJPA:17 - Khởi tạo JPA EntityManagerFactory thành công!
2025-12-14 17:13:52 [INFO ] AdminUserController:146 - ADMIN: admin | UPDATED User: admin
2025-12-14 17:15:14 [INFO ] AdminDashboardController:24 - Admin đã truy cập Dashboard lúc: Sun Dec 14 17:15:14 GMT+07:00 2025
2025-12-14 17:15:23 [INFO ] AdminDashboardController:24 - Admin đã truy cập Dashboard lúc: Sun Dec 14 17:15:23 GMT+07:00 2025
2025-12-14 20:01:06 [INFO ] XJPA:17 - Khởi tạo JPA EntityManagerFactory thành công!
2025-12-14 20:01:07 [INFO ] LoginServlet:50 - Login success: admin
2025-12-14 20:01:07 [INFO ] AdminDashboardController:24 - Admin đã truy cập Dashboard lúc: Sun Dec 14 20:01:07 GMT+07:00 2025
2025-12-14 20:03:47 [INFO ] AdminVideoController:112 - ACTION: CREATE_VIDEO | Admin: admin | New ID: jGMI0K7gaOs
2025-12-14 20:07:20 [INFO ] AdminUserController:132 - ADMIN: admin | CREATED User: testadmin
2025-12-14 20:07:47 [INFO ] AdminUserController:146 - ADMIN: admin | UPDATED User: testadmin
